::1 - - [21/Feb/2024:09:46:00 +0000] "GET /api/v1/user/getdata HTTP/1.1" 200 191 "-" "PostmanRuntime/7.36.3"
::1 - - [21/Feb/2024:09:47:29 +0000] "GET /api/v1/user/getdata HTTP/1.1" 200 191 "-" "PostmanRuntime/7.36.3"
[0mGET /api/v1/user/getdata [32m200[0m 43.118 ms - 191[0m
GET /api/v1/user/getdata 200 191 - 40.518 ms
GET /api/v1/user/getdata 200 191 - 45.379 ms
::1 - - [21/Feb/2024:09:59:52 +0000] "GET /api/v1/user/getdata HTTP/1.1" 304 - "http://localhost:3001/api-docs/" "Mozilla/5.0 (Macintosh; Intel Mac OS X 10_15_7) AppleWebKit/537.36 (KHTML, like Gecko) Chrome/121.0.0.0 Safari/537.36"
::1 - - [21/Feb/2024:10:00:25 +0000] "GET /api/v1/user/getdata HTTP/1.1" 200 191 "-" "PostmanRuntime/7.36.3"
[21/Feb/2024:10:03:16 +0000] GET /api/v1/user/getdata 200 44.136 ms - 191
[21/Feb/2024:10:23:26 +0000] GET /api/v1/user/getdata 200 45.648 ms - 191
[21/Feb/2024:10:42:17 +0000] GET /api-docs/ 304 3.505 ms - -
[21/Feb/2024:10:42:17 +0000] GET /api-docs/swagger-ui.css 304 1.606 ms - -
[21/Feb/2024:10:42:17 +0000] GET /api-docs/swagger-ui-bundle.js 304 1.721 ms - -
[21/Feb/2024:10:42:17 +0000] GET /api-docs/swagger-ui-init.js 304 0.271 ms - -
[21/Feb/2024:10:42:17 +0000] GET /api-docs/swagger-ui-standalone-preset.js 304 2.610 ms - -
[21/Feb/2024:10:42:17 +0000] GET /api-docs/favicon-32x32.png 304 0.576 ms - -
[21/Feb/2024:10:59:47 +0000] GET /api-docs/ 304 0.690 ms - -
[21/Feb/2024:10:59:47 +0000] GET /api-docs/swagger-ui.css 304 2.568 ms - -
[21/Feb/2024:10:59:47 +0000] GET /api-docs/swagger-ui-bundle.js 304 2.221 ms - -
[21/Feb/2024:10:59:47 +0000] GET /api-docs/swagger-ui-init.js 304 0.424 ms - -
[21/Feb/2024:10:59:47 +0000] GET /api-docs/swagger-ui-standalone-preset.js 304 3.175 ms - -
[21/Feb/2024:11:00:53 +0000] GET /api-docs/ 304 3.848 ms - -
[21/Feb/2024:11:00:53 +0000] GET /api-docs/swagger-ui.css 304 2.459 ms - -
[21/Feb/2024:11:00:53 +0000] GET /api-docs/swagger-ui-bundle.js 304 3.376 ms - -
[21/Feb/2024:11:00:53 +0000] GET /api-docs/swagger-ui-init.js 200 0.431 ms - 6851
[21/Feb/2024:11:00:53 +0000] GET /api-docs/swagger-ui-standalone-preset.js 304 4.570 ms - -
[21/Feb/2024:11:00:53 +0000] GET /api-docs/favicon-32x32.png 304 0.876 ms - -
[21/Feb/2024:11:17:55 +0000] POST /api/v1/user/login 401 7.349 ms - 48
[21/Feb/2024:11:45:55 +0000] POST /api/v1/user/login - - ms - -
[21/Feb/2024:12:12:12 +0000] GET /api/v1/user/getdata 200 45.860 ms - 191
[21/Feb/2024:12:12:34 +0000] PUT /api/v1/user/update - - ms - -
[21/Feb/2024:12:12:49 +0000] PUT /api/v1/user/update 401 28.752 ms - 56
[21/Feb/2024:12:13:05 +0000] PUT /api/v1/user/update 401 28.147 ms - 56
[21/Feb/2024:12:13:06 +0000] PUT /api/v1/user/update 401 26.811 ms - 56
[21/Feb/2024:12:13:08 +0000] PUT /api/v1/user/update 401 28.222 ms - 56
[21/Feb/2024:12:13:08 +0000] PUT /api/v1/user/update 401 29.012 ms - 56
[21/Feb/2024:12:13:10 +0000] PUT /api/v1/user/update 401 26.029 ms - 56
[21/Feb/2024:12:13:10 +0000] PUT /api/v1/user/update 401 25.774 ms - 56
[21/Feb/2024:12:13:18 +0000] POST /api/v1/user/login 200 105.419 ms - 47
[21/Feb/2024:12:33:36 +0000] POST /api/v1/user/login 401 4.106 ms - 50
[22/Feb/2024:04:48:11 +0000] GET /api-docs/ 304 4.046 ms - -
[22/Feb/2024:04:48:11 +0000] GET /api-docs/swagger-ui-init.js 200 0.526 ms - 6846
[22/Feb/2024:04:48:11 +0000] GET /api-docs/swagger-ui.css 304 5.948 ms - -
[22/Feb/2024:04:48:11 +0000] GET /api-docs/swagger-ui-bundle.js 304 5.872 ms - -
[22/Feb/2024:04:48:11 +0000] GET /api-docs/swagger-ui-standalone-preset.js 304 2.021 ms - -
[22/Feb/2024:04:48:33 +0000] GET /api/v1/user/getdata 404 2.244 ms - 158
[22/Feb/2024:04:48:35 +0000] GET /api/v1/user/getdata 404 0.662 ms - 158
[22/Feb/2024:04:49:13 +0000] GET /api/v1/user/getdata 401 2.857 ms - 42
[22/Feb/2024:04:50:03 +0000] POST /api/v1/user/login 200 122.266 ms - 47
[22/Feb/2024:04:50:09 +0000] GET /api/v1/user/getdata 200 38.051 ms - 191
[22/Feb/2024:05:04:14 +0000] POST /api/v1/user/register 401 8.233 ms - 2
[22/Feb/2024:05:04:55 +0000] POST /api/v1/user/register 401 8.358 ms - 2
[22/Feb/2024:05:05:38 +0000] POST /api/v1/user/register 401 7.746 ms - 2
[22/Feb/2024:05:06:06 +0000] POST /api/v1/user/register 401 7.369 ms - 2
[22/Feb/2024:05:06:49 +0000] POST /api/v1/user/register 401 7.148 ms - 2
[22/Feb/2024:05:07:20 +0000] POST /api/v1/user/register 401 6.311 ms - 2
[22/Feb/2024:05:08:25 +0000] POST /api/v1/user/register 401 7.430 ms - 2
[22/Feb/2024:05:09:09 +0000] POST /api/v1/user/register 401 7.997 ms - 2
[22/Feb/2024:05:11:32 +0000] POST /api/v1/user/register 401 7.463 ms - 2
[22/Feb/2024:05:12:15 +0000] POST /api/v1/user/register 401 8.666 ms - 2
[22/Feb/2024:05:14:19 +0000] POST /api/v1/user/register 401 7.811 ms - 56
[22/Feb/2024:05:15:09 +0000] POST /api/v1/user/register 401 7.859 ms - 56
[22/Feb/2024:05:15:29 +0000] POST /api/v1/user/register 401 7.176 ms - 2
[22/Feb/2024:05:17:58 +0000] POST /api/v1/user/register 401 6.441 ms - 2
[22/Feb/2024:05:18:16 +0000] POST /api/v1/user/register 401 3.987 ms - -
[22/Feb/2024:05:18:36 +0000] POST /api/v1/user/register 401 4.798 ms - -
[22/Feb/2024:05:18:51 +0000] POST /api/v1/user/register 401 5.197 ms - -
[22/Feb/2024:05:19:17 +0000] POST /api/v1/user/register 401 6.717 ms - -
[22/Feb/2024:05:19:51 +0000] POST /api/v1/user/register 401 7.221 ms - -
[22/Feb/2024:05:24:47 +0000] POST /api/v1/user/register 401 6.382 ms - 17
[22/Feb/2024:05:25:06 +0000] POST /api/v1/user/register 401 5.759 ms - 17
[22/Feb/2024:05:25:09 +0000] POST /api/v1/user/register 401 0.880 ms - 17
[22/Feb/2024:05:25:55 +0000] POST /api/v1/user/register 401 4.465 ms - 50
[22/Feb/2024:05:26:03 +0000] POST /api/v1/user/register 401 1.252 ms - 50
[22/Feb/2024:05:26:04 +0000] POST /api/v1/user/register 401 0.771 ms - 50
[22/Feb/2024:05:26:38 +0000] POST /api/v1/user/register 401 5.528 ms - 56
[22/Feb/2024:05:26:50 +0000] POST /api/v1/user/register 401 5.630 ms - 50
[22/Feb/2024:05:28:11 +0000] POST /api/v1/user/register 401 5.252 ms - 50
[22/Feb/2024:05:28:34 +0000] POST /api/v1/user/register 401 5.118 ms - 50
[22/Feb/2024:05:29:59 +0000] POST /api/v1/user/register 401 4.602 ms - 50
[22/Feb/2024:05:30:26 +0000] POST /api/v1/user/register 401 5.235 ms - 50
[22/Feb/2024:05:30:56 +0000] POST /api/v1/user/register 401 4.890 ms - 50
[22/Feb/2024:05:31:12 +0000] POST /api/v1/user/register 401 5.975 ms - 50
[22/Feb/2024:05:31:18 +0000] POST /api/v1/user/register 401 1.026 ms - 50
[22/Feb/2024:05:31:22 +0000] POST /api/v1/user/register 401 1.335 ms - 50
[22/Feb/2024:05:31:23 +0000] POST /api/v1/user/register 401 0.795 ms - 50
[22/Feb/2024:05:31:25 +0000] POST /api/v1/user/register 401 1.118 ms - 50
[22/Feb/2024:05:31:46 +0000] POST /api/v1/user/register 401 0.705 ms - 50
[22/Feb/2024:05:31:49 +0000] POST /api/v1/user/register 401 0.866 ms - 50
[22/Feb/2024:05:42:04 +0000] POST /api/v1/user/register 200 162.543 ms - 362
[22/Feb/2024:05:42:25 +0000] POST /api/v1/user/register 401 29.611 ms - 50
[22/Feb/2024:05:42:28 +0000] POST /api/v1/user/register - - ms - -
[22/Feb/2024:05:42:30 +0000] POST /api/v1/user/register 401 25.414 ms - 50
[22/Feb/2024:05:49:33 +0000] POST /api/v1/user/register 500 3.854 ms - 370
[22/Feb/2024:05:49:59 +0000] POST /api/v1/user/register 500 4.356 ms - 370
[22/Feb/2024:05:50:47 +0000] POST /api/v1/user/register 500 5.283 ms - 370
[22/Feb/2024:05:52:05 +0000] POST /api/v1/user/register 500 5.343 ms - 370
[22/Feb/2024:05:53:08 +0000] POST /api/v1/user/register 500 5.159 ms - 370
[22/Feb/2024:05:54:17 +0000] POST /api/v1/user/register 401 4.720 ms - 52
[22/Feb/2024:05:54:43 +0000] POST /api/v1/user/register 401 4.901 ms - 50
[22/Feb/2024:05:55:08 +0000] POST /api/v1/user/register 401 4.789 ms - 50
[22/Feb/2024:05:55:22 +0000] POST /api/v1/user/register 401 1.295 ms - 63
[22/Feb/2024:05:57:37 +0000] POST /api/v1/user/register 401 4.781 ms - 63
[22/Feb/2024:05:57:43 +0000] POST /api/v1/user/register 401 1.027 ms - 63
[22/Feb/2024:05:57:53 +0000] POST /api/v1/user/register 401 0.603 ms - 50
[22/Feb/2024:08:57:57 +0000] GET /api-docs/ 304 7.780 ms - -
[22/Feb/2024:08:57:57 +0000] GET /api-docs/swagger-ui.css 304 4.096 ms - -
[22/Feb/2024:08:57:57 +0000] GET /api-docs/swagger-ui-bundle.js 304 2.901 ms - -
[22/Feb/2024:08:57:57 +0000] GET /api-docs/swagger-ui-init.js 304 0.463 ms - -
[22/Feb/2024:08:57:57 +0000] GET /api-docs/swagger-ui-standalone-preset.js 304 2.854 ms - -
[22/Feb/2024:08:58:04 +0000] GET / 500 4.965 ms - 1391
[22/Feb/2024:08:58:36 +0000] GET / 500 5.435 ms - 1391
[22/Feb/2024:08:58:37 +0000] GET / 500 0.974 ms - 1391
[22/Feb/2024:08:58:38 +0000] GET / 500 0.676 ms - 1391
[22/Feb/2024:08:58:38 +0000] GET / 500 0.635 ms - 1391
[22/Feb/2024:08:58:38 +0000] GET / 500 0.541 ms - 1391
[22/Feb/2024:08:58:38 +0000] GET / 500 0.786 ms - 1391
[22/Feb/2024:08:58:38 +0000] GET / 500 0.460 ms - 1391
[22/Feb/2024:08:58:38 +0000] GET / 500 0.636 ms - 1391
[22/Feb/2024:08:58:52 +0000] GET / 500 6.972 ms - 1391
[22/Feb/2024:08:58:53 +0000] GET / 500 0.935 ms - 1391
[22/Feb/2024:08:58:54 +0000] GET / 500 0.898 ms - 1391
[22/Feb/2024:08:58:54 +0000] GET / 500 0.641 ms - 1391
[22/Feb/2024:08:58:54 +0000] GET / 500 0.508 ms - 1391
[22/Feb/2024:08:58:54 +0000] GET / 500 0.690 ms - 1391
[22/Feb/2024:08:59:05 +0000] GET / 500 3.864 ms - 1374
[22/Feb/2024:08:59:28 +0000] GET / 200 3.132 ms - 45
[22/Feb/2024:08:59:28 +0000] GET /favicon.ico 404 2.120 ms - 150
[22/Feb/2024:08:59:28 +0000] GET / 304 0.899 ms - -
[22/Feb/2024:10:03:30 +0000] GET /api-docs/ 304 5.088 ms - -
[22/Feb/2024:10:03:30 +0000] GET /api-docs/swagger-ui.css 304 2.733 ms - -
[22/Feb/2024:10:03:30 +0000] GET /api-docs/swagger-ui-bundle.js 304 3.195 ms - -
[22/Feb/2024:10:03:30 +0000] GET /api-docs/swagger-ui-init.js 304 0.374 ms - -
[22/Feb/2024:10:03:30 +0000] GET /api-docs/swagger-ui-standalone-preset.js 304 2.680 ms - -
[22/Feb/2024:10:03:31 +0000] GET /api-docs/favicon-32x32.png 304 0.668 ms - -
[22/Feb/2024:10:03:34 +0000] GET /api-docs/ 304 0.677 ms - -
[22/Feb/2024:10:03:34 +0000] GET /api-docs/swagger-ui.css 304 0.731 ms - -
[22/Feb/2024:10:03:34 +0000] GET /api-docs/swagger-ui-init.js 304 0.247 ms - -
[22/Feb/2024:10:03:34 +0000] GET /api-docs/swagger-ui-bundle.js 304 1.126 ms - -
[22/Feb/2024:10:03:34 +0000] GET /api-docs/swagger-ui-standalone-preset.js 304 1.113 ms - -
[22/Feb/2024:10:03:34 +0000] GET /api-docs/favicon-32x32.png 304 1.125 ms - -
[22/Feb/2024:10:03:34 +0000] GET /api-docs/ 304 0.685 ms - -
[22/Feb/2024:10:03:34 +0000] GET /api-docs/swagger-ui.css 304 1.432 ms - -
[22/Feb/2024:10:03:34 +0000] GET /api-docs/swagger-ui-bundle.js 304 0.861 ms - -
[22/Feb/2024:10:03:34 +0000] GET /api-docs/swagger-ui-init.js 304 0.497 ms - -
[22/Feb/2024:10:03:34 +0000] GET /api-docs/swagger-ui-standalone-preset.js 304 1.390 ms - -
[22/Feb/2024:10:03:34 +0000] GET /api-docs/favicon-32x32.png 304 0.489 ms - -
[22/Feb/2024:10:03:35 +0000] GET /api-docs/ 304 0.839 ms - -
[22/Feb/2024:10:03:35 +0000] GET /api-docs/swagger-ui-init.js 304 0.361 ms - -
[22/Feb/2024:10:03:35 +0000] GET /api-docs/swagger-ui.css 304 1.825 ms - -
[22/Feb/2024:10:03:35 +0000] GET /api-docs/swagger-ui-bundle.js 304 1.535 ms - -
[22/Feb/2024:10:03:35 +0000] GET /api-docs/swagger-ui-standalone-preset.js 304 1.392 ms - -
[22/Feb/2024:10:03:35 +0000] GET /api-docs/favicon-32x32.png 304 0.519 ms - -
[22/Feb/2024:10:03:35 +0000] GET /api-docs/ 304 0.790 ms - -
[22/Feb/2024:10:03:35 +0000] GET /api-docs/swagger-ui.css 304 0.446 ms - -
[22/Feb/2024:10:03:35 +0000] GET /api-docs/swagger-ui-init.js 304 0.373 ms - -
[22/Feb/2024:10:03:35 +0000] GET /api-docs/swagger-ui-bundle.js 304 1.000 ms - -
[22/Feb/2024:10:03:35 +0000] GET /api-docs/swagger-ui-standalone-preset.js 304 0.918 ms - -
[22/Feb/2024:10:03:35 +0000] GET /api-docs/favicon-32x32.png 304 0.331 ms - -
[22/Feb/2024:10:04:28 +0000] GET /api-docs/ 304 4.760 ms - -
[22/Feb/2024:10:04:28 +0000] GET /api-docs/swagger-ui.css 304 3.265 ms - -
[22/Feb/2024:10:04:28 +0000] GET /api-docs/swagger-ui-bundle.js 304 3.007 ms - -
[22/Feb/2024:10:04:28 +0000] GET /api-docs/swagger-ui-init.js 200 0.314 ms - 13136
[22/Feb/2024:10:04:28 +0000] GET /api-docs/swagger-ui-standalone-preset.js 304 5.222 ms - -
[22/Feb/2024:10:04:28 +0000] GET /api-docs/favicon-32x32.png 304 0.348 ms - -
[22/Feb/2024:10:04:36 +0000] GET /api/v1/auth/google 404 2.575 ms - 157
[22/Feb/2024:10:05:44 +0000] GET /api-docs/ 304 4.902 ms - -
[22/Feb/2024:10:05:44 +0000] GET /api-docs/swagger-ui.css 304 5.745 ms - -
[22/Feb/2024:10:05:44 +0000] GET /api-docs/swagger-ui-bundle.js 304 5.415 ms - -
[22/Feb/2024:10:05:44 +0000] GET /api-docs/swagger-ui-standalone-preset.js 304 4.774 ms - -
[22/Feb/2024:10:05:44 +0000] GET /api-docs/swagger-ui-init.js 200 1.221 ms - 13164
[22/Feb/2024:10:05:44 +0000] GET /api-docs/favicon-32x32.png 304 0.345 ms - -
[22/Feb/2024:10:05:48 +0000] GET /api/v1/api/v1/auth/google 404 2.412 ms - 164
[22/Feb/2024:10:06:55 +0000] GET /api-docs/ 304 4.423 ms - -
[22/Feb/2024:10:06:55 +0000] GET /api-docs/swagger-ui.css 304 2.186 ms - -
[22/Feb/2024:10:06:55 +0000] GET /api-docs/swagger-ui-bundle.js 304 1.322 ms - -
[22/Feb/2024:10:06:55 +0000] GET /api-docs/swagger-ui-init.js 304 0.506 ms - -
[22/Feb/2024:10:06:55 +0000] GET /api-docs/swagger-ui-standalone-preset.js 304 1.974 ms - -
[22/Feb/2024:10:06:55 +0000] GET /api-docs/favicon-32x32.png 304 1.292 ms - -
[22/Feb/2024:10:07:00 +0000] GET /api/v1/api/v1/auth/google 404 2.538 ms - 164
[22/Feb/2024:10:07:22 +0000] GET /api-docs/ 304 4.275 ms - -
[22/Feb/2024:10:07:22 +0000] GET /api-docs/swagger-ui.css 304 3.106 ms - -
[22/Feb/2024:10:07:22 +0000] GET /api-docs/swagger-ui-bundle.js 304 2.169 ms - -
[22/Feb/2024:10:07:22 +0000] GET /api-docs/swagger-ui-init.js 200 0.412 ms - 13143
[22/Feb/2024:10:07:22 +0000] GET /api-docs/swagger-ui-standalone-preset.js 304 2.722 ms - -
[22/Feb/2024:10:07:22 +0000] GET /api-docs/favicon-32x32.png 304 0.479 ms - -
[22/Feb/2024:10:07:27 +0000] GET /api/v1/auth/google 404 2.485 ms - 157
[22/Feb/2024:10:08:26 +0000] GET /api-docs/ 304 6.443 ms - -
[22/Feb/2024:10:08:26 +0000] GET /api-docs/swagger-ui.css 304 3.452 ms - -
[22/Feb/2024:10:08:26 +0000] GET /api-docs/swagger-ui-bundle.js 304 2.850 ms - -
[22/Feb/2024:10:08:26 +0000] GET /api-docs/swagger-ui-init.js 200 0.322 ms - 13136
[22/Feb/2024:10:08:26 +0000] GET /api-docs/swagger-ui-standalone-preset.js 304 5.271 ms - -
[22/Feb/2024:10:08:26 +0000] GET /api-docs/favicon-32x32.png 304 0.354 ms - -
[22/Feb/2024:10:08:33 +0000] GET /api/v1/api/v1/user/getdata 404 3.090 ms - 165
[22/Feb/2024:10:08:48 +0000] GET /api-docs/ 304 5.379 ms - -
[22/Feb/2024:10:08:48 +0000] GET /api-docs/swagger-ui.css 304 3.138 ms - -
[22/Feb/2024:10:08:48 +0000] GET /api-docs/swagger-ui-bundle.js 304 1.993 ms - -
[22/Feb/2024:10:08:48 +0000] GET /api-docs/swagger-ui-init.js 304 0.389 ms - -
[22/Feb/2024:10:08:48 +0000] GET /api-docs/swagger-ui-standalone-preset.js 304 2.243 ms - -
[22/Feb/2024:10:08:48 +0000] GET /api-docs/favicon-32x32.png 304 0.977 ms - -
[22/Feb/2024:10:08:55 +0000] GET /api/v1/auth/google 404 2.381 ms - 157
[22/Feb/2024:10:09:48 +0000] GET /api-docs/ 304 4.638 ms - -
[22/Feb/2024:10:09:48 +0000] GET /api-docs/swagger-ui.css 304 2.401 ms - -
[22/Feb/2024:10:09:48 +0000] GET /api-docs/swagger-ui-bundle.js 304 1.312 ms - -
[22/Feb/2024:10:09:48 +0000] GET /api-docs/swagger-ui-init.js 200 0.374 ms - 13157
[22/Feb/2024:10:09:48 +0000] GET /api-docs/swagger-ui-standalone-preset.js 304 2.814 ms - -
[22/Feb/2024:10:09:49 +0000] GET /api-docs/favicon-32x32.png 304 0.746 ms - -
[22/Feb/2024:10:10:15 +0000] GET /api-docs/swagger-ui.css 304 3.220 ms - -
[22/Feb/2024:10:10:16 +0000] GET /api-docs/swagger-ui-bundle.js.map 304 2.018 ms - -
[22/Feb/2024:10:10:16 +0000] GET /api-docs/swagger-ui-standalone-preset.js.map 304 3.239 ms - -
[22/Feb/2024:10:10:16 +0000] GET /api-docs/swagger-ui.css.map 304 0.924 ms - -
[22/Feb/2024:10:10:34 +0000] GET /api-docs/ 304 0.768 ms - -
[22/Feb/2024:10:10:34 +0000] GET /api-docs/swagger-ui.css 304 0.642 ms - -
[22/Feb/2024:10:10:34 +0000] GET /api-docs/swagger-ui-init.js 304 0.565 ms - -
[22/Feb/2024:10:10:34 +0000] GET /api-docs/swagger-ui-bundle.js 304 2.150 ms - -
[22/Feb/2024:10:10:34 +0000] GET /api-docs/swagger-ui-standalone-preset.js 304 2.201 ms - -
[22/Feb/2024:10:10:34 +0000] GET /api-docs/swagger-ui.css.map 304 0.481 ms - -
[22/Feb/2024:10:10:35 +0000] GET /api-docs/swagger-ui-bundle.js.map 304 0.494 ms - -
[22/Feb/2024:10:10:35 +0000] GET /api-docs/favicon-32x32.png 304 0.436 ms - -
[22/Feb/2024:10:10:35 +0000] GET /api-docs/swagger-ui-standalone-preset.js.map 304 0.415 ms - -
[22/Feb/2024:10:11:40 +0000] GET /api-docs/swagger-ui.css 304 3.713 ms - -
[22/Feb/2024:10:11:40 +0000] GET /api-docs/swagger-ui-bundle.js.map 304 2.757 ms - -
[22/Feb/2024:10:11:40 +0000] GET /api-docs/swagger-ui-standalone-preset.js.map 304 1.975 ms - -
[22/Feb/2024:10:11:40 +0000] GET /api-docs/swagger-ui.css.map 304 3.072 ms - -
[22/Feb/2024:10:12:11 +0000] GET /auth/google 404 1.771 ms - 150
[22/Feb/2024:10:14:46 +0000] GET /auth/google 404 0.402 ms - 150
[22/Feb/2024:10:14:47 +0000] GET /auth/google 404 0.398 ms - 150
[22/Feb/2024:10:23:52 +0000] GET /api-docs/ 304 4.337 ms - -
[22/Feb/2024:10:23:52 +0000] GET /api-docs/swagger-ui.css 304 2.909 ms - -
[22/Feb/2024:10:23:52 +0000] GET /api-docs/swagger-ui-bundle.js 304 2.961 ms - -
[22/Feb/2024:10:23:52 +0000] GET /api-docs/swagger-ui-init.js 304 0.419 ms - -
[22/Feb/2024:10:23:52 +0000] GET /api-docs/swagger-ui-standalone-preset.js 304 5.489 ms - -
[22/Feb/2024:10:23:52 +0000] GET /api-docs/swagger-ui-bundle.js.map 304 1.831 ms - -
[22/Feb/2024:10:23:52 +0000] GET /api-docs/swagger-ui.css.map 304 1.272 ms - -
[22/Feb/2024:10:23:52 +0000] GET /api-docs/swagger-ui-standalone-preset.js.map 304 2.732 ms - -
[22/Feb/2024:10:23:52 +0000] GET /api-docs/favicon-32x32.png 304 0.375 ms - -
[22/Feb/2024:10:24:08 +0000] GET /api-docs/ 304 1.623 ms - -
[22/Feb/2024:10:24:08 +0000] GET /api-docs/swagger-ui.css 304 2.159 ms - -
[22/Feb/2024:10:24:08 +0000] GET /api-docs/swagger-ui-bundle.js 304 1.826 ms - -
[22/Feb/2024:10:24:08 +0000] GET /api-docs/swagger-ui-init.js 304 0.276 ms - -
[22/Feb/2024:10:24:08 +0000] GET /api-docs/swagger-ui-standalone-preset.js 304 5.114 ms - -
[22/Feb/2024:10:24:08 +0000] GET /api-docs/swagger-ui-bundle.js.map 304 0.697 ms - -
[22/Feb/2024:10:24:08 +0000] GET /api-docs/swagger-ui.css.map 304 1.186 ms - -
[22/Feb/2024:10:24:08 +0000] GET /api-docs/swagger-ui-standalone-preset.js.map 304 0.436 ms - -
[22/Feb/2024:10:24:08 +0000] GET /api-docs/favicon-32x32.png 304 1.225 ms - -
[22/Feb/2024:10:24:36 +0000] GET /api/v1/auth/google 404 2.319 ms - 157
[22/Feb/2024:10:25:08 +0000] GET /api-docs/ 304 4.697 ms - -
[22/Feb/2024:10:25:08 +0000] GET /api-docs/swagger-ui.css 304 2.020 ms - -
[22/Feb/2024:10:25:08 +0000] GET /api-docs/swagger-ui-init.js 200 0.309 ms - 13129
[22/Feb/2024:10:25:08 +0000] GET /api-docs/swagger-ui-bundle.js 304 3.313 ms - -
[22/Feb/2024:10:25:08 +0000] GET /api-docs/swagger-ui-standalone-preset.js 304 2.913 ms - -
[22/Feb/2024:10:25:08 +0000] GET /api-docs/swagger-ui-bundle.js.map 304 1.495 ms - -
[22/Feb/2024:10:25:08 +0000] GET /api-docs/swagger-ui.css.map 304 1.156 ms - -
[22/Feb/2024:10:25:08 +0000] GET /api-docs/swagger-ui-standalone-preset.js.map 304 1.272 ms - -
[22/Feb/2024:10:25:08 +0000] GET /api-docs/favicon-32x32.png 304 1.829 ms - -
[22/Feb/2024:10:25:41 +0000] GET /api-docs/ 304 1.142 ms - -
[22/Feb/2024:10:25:41 +0000] GET /api-docs/swagger-ui.css 304 6.126 ms - -
[22/Feb/2024:10:25:41 +0000] GET /api-docs/swagger-ui-bundle.js 304 3.871 ms - -
[22/Feb/2024:10:25:41 +0000] GET /api-docs/swagger-ui-init.js 304 0.272 ms - -
[22/Feb/2024:10:25:41 +0000] GET /api-docs/swagger-ui-standalone-preset.js 304 5.173 ms - -
[22/Feb/2024:10:25:41 +0000] GET /api-docs/swagger-ui-bundle.js.map 304 2.403 ms - -
[22/Feb/2024:10:25:41 +0000] GET /api-docs/swagger-ui.css.map 304 2.525 ms - -
[22/Feb/2024:10:25:41 +0000] GET /api-docs/swagger-ui-standalone-preset.js.map 304 0.736 ms - -
[22/Feb/2024:10:25:42 +0000] GET /api-docs/favicon-32x32.png 304 0.551 ms - -
[22/Feb/2024:10:25:54 +0000] GET /api-docs/ 304 0.950 ms - -
[22/Feb/2024:10:25:54 +0000] GET /api-docs/swagger-ui.css 304 1.437 ms - -
[22/Feb/2024:10:25:54 +0000] GET /api-docs/swagger-ui-bundle.js 304 1.384 ms - -
[22/Feb/2024:10:25:54 +0000] GET /api-docs/swagger-ui-init.js 304 0.306 ms - -
[22/Feb/2024:10:25:54 +0000] GET /api-docs/swagger-ui-standalone-preset.js 304 2.580 ms - -
[22/Feb/2024:10:25:54 +0000] GET /api-docs/swagger-ui-bundle.js.map 304 2.844 ms - -
[22/Feb/2024:10:25:54 +0000] GET /api-docs/swagger-ui.css.map 304 2.956 ms - -
[22/Feb/2024:10:25:54 +0000] GET /api-docs/swagger-ui-standalone-preset.js.map 304 1.498 ms - -
[22/Feb/2024:10:25:55 +0000] GET /api-docs/favicon-32x32.png 304 0.929 ms - -
[22/Feb/2024:10:26:15 +0000] GET / 304 0.769 ms - -
[22/Feb/2024:10:27:42 +0000] GET /api-docs/ 304 1.358 ms - -
[22/Feb/2024:10:27:42 +0000] GET /api-docs/swagger-ui-init.js 304 0.254 ms - -
[22/Feb/2024:10:27:42 +0000] GET /api-docs/swagger-ui.css 304 2.499 ms - -
[22/Feb/2024:10:27:42 +0000] GET /api-docs/swagger-ui-bundle.js 304 2.451 ms - -
[22/Feb/2024:10:27:42 +0000] GET /api-docs/swagger-ui-standalone-preset.js 304 1.608 ms - -
[22/Feb/2024:10:27:42 +0000] GET /api-docs/swagger-ui-bundle.js.map 304 1.076 ms - -
[22/Feb/2024:10:27:42 +0000] GET /api-docs/swagger-ui.css.map 304 3.208 ms - -
[22/Feb/2024:10:27:42 +0000] GET /api-docs/swagger-ui-standalone-preset.js.map 304 1.331 ms - -
[22/Feb/2024:10:27:42 +0000] GET /api-docs/favicon-32x32.png 304 1.992 ms - -
[22/Feb/2024:10:28:56 +0000] GET /api-docs/ 304 8.876 ms - -
[22/Feb/2024:10:28:56 +0000] GET /api-docs/swagger-ui.css 304 3.386 ms - -
[22/Feb/2024:10:28:56 +0000] GET /api-docs/swagger-ui-bundle.js 304 2.667 ms - -
[22/Feb/2024:10:28:56 +0000] GET /api-docs/swagger-ui-init.js 200 0.480 ms - 13129
[22/Feb/2024:10:28:56 +0000] GET /api-docs/swagger-ui-standalone-preset.js 304 5.457 ms - -
[22/Feb/2024:10:28:57 +0000] GET /api-docs/swagger-ui-bundle.js.map 304 0.410 ms - -
[22/Feb/2024:10:28:57 +0000] GET /api-docs/swagger-ui.css.map 304 0.396 ms - -
[22/Feb/2024:10:28:57 +0000] GET /api-docs/swagger-ui-standalone-preset.js.map 304 2.259 ms - -
[22/Feb/2024:10:28:57 +0000] GET /api-docs/favicon-32x32.png 304 6.339 ms - -
[22/Feb/2024:10:34:47 +0000] GET / 200 1.701 ms - 45
[22/Feb/2024:10:34:47 +0000] GET /favicon.ico 404 2.194 ms - 150
[22/Feb/2024:10:45:56 +0000] GET /api-docs/ 200 4.332 ms - 3106
[22/Feb/2024:10:45:57 +0000] GET /api-docs/swagger-ui-init.js 200 0.483 ms - 13129
[22/Feb/2024:10:45:57 +0000] GET /api-docs/swagger-ui.css 200 21.693 ms - 152042
[22/Feb/2024:10:45:57 +0000] GET /api-docs/swagger-ui-standalone-preset.js 200 13.844 ms - 230809
[22/Feb/2024:10:45:57 +0000] GET /api-docs/swagger-ui-bundle.js 200 14.543 ms - 1402103
[22/Feb/2024:10:45:57 +0000] GET /api-docs/swagger-ui.css.map 200 1.569 ms - 262590
[22/Feb/2024:10:45:57 +0000] GET /api-docs/swagger-ui-bundle.js.map 200 2.319 ms - 1907201
[22/Feb/2024:10:45:57 +0000] GET /api-docs/swagger-ui-standalone-preset.js.map 200 1.918 ms - 330453
[22/Feb/2024:10:45:57 +0000] GET /api-docs/favicon-32x32.png 200 11.729 ms - 628
[28/Feb/2024:11:29:39 +0000] POST /api/v1/user/login 200 146.565 ms - 47
[28/Feb/2024:11:30:54 +0000] POST /api/v1/user/login 200 117.135 ms - 47
[28/Feb/2024:11:33:52 +0000] GET /api/v1/user/logOut 200 41.140 ms - 35
[03/Apr/2024:05:48:53 +0000] GET / 500 4.641 ms - 1353
[03/Apr/2024:05:49:14 +0000] GET / 500 2.733 ms - 1365
[03/Apr/2024:05:49:15 +0000] GET / 500 0.814 ms - 1365
[03/Apr/2024:05:50:26 +0000] GET / 404 4.005 ms - 231
[03/Apr/2024:05:50:35 +0000] GET / 200 5.316 ms - 330
[03/Apr/2024:05:50:35 +0000] GET /video 404 1.432 ms - 144
[03/Apr/2024:05:50:35 +0000] GET /favicon.ico 404 0.340 ms - 150
[03/Apr/2024:05:50:39 +0000] GET / 304 1.325 ms - -
[03/Apr/2024:05:50:39 +0000] GET /video 404 2.502 ms - 144
[03/Apr/2024:05:50:39 +0000] GET / 304 0.668 ms - -
[03/Apr/2024:05:50:39 +0000] GET /video 404 0.372 ms - 144
[03/Apr/2024:05:50:48 +0000] GET / 304 0.797 ms - -
[03/Apr/2024:05:50:48 +0000] GET /video 404 0.271 ms - 144
[03/Apr/2024:05:51:34 +0000] GET / 200 1.952 ms - 345
[03/Apr/2024:05:52:56 +0000] GET / 304 8.206 ms - -
[03/Apr/2024:05:54:34 +0000] GET / 304 3.878 ms - -
[03/Apr/2024:05:54:34 +0000] GET /api/v1/product/video 400 7.373 ms - 53
[03/Apr/2024:05:54:54 +0000] GET / 304 8.255 ms - -
[03/Apr/2024:05:57:23 +0000] GET / 304 9.384 ms - -
[03/Apr/2024:05:58:26 +0000] GET / 304 12.168 ms - -
[03/Apr/2024:05:59:20 +0000] GET / 304 7.608 ms - -
[03/Apr/2024:06:01:09 +0000] GET / 304 4.307 ms - -
[03/Apr/2024:06:05:03 +0000] GET / 304 6.597 ms - -
[03/Apr/2024:06:07:45 +0000] GET / 304 5.383 ms - -
[03/Apr/2024:06:08:33 +0000] GET / 200 7.480 ms - 354
[03/Apr/2024:06:08:33 +0000] GET /api/v1/product/video - - ms - -
[03/Apr/2024:06:09:38 +0000] GET / 200 6.297 ms - 354
[03/Apr/2024:06:09:41 +0000] GET /favicon.ico 404 4.478 ms - 150
[03/Apr/2024:06:09:59 +0000] GET / 200 5.784 ms - 354
[03/Apr/2024:06:10:02 +0000] GET /favicon.ico 404 1.331 ms - 150
[03/Apr/2024:06:11:17 +0000] GET / 304 3.947 ms - -
[03/Apr/2024:06:11:17 +0000] GET /api/v1/product/video 206 7.271 ms - 883552
[03/Apr/2024:06:11:47 +0000] GET / 304 1.372 ms - -
[03/Apr/2024:06:12:52 +0000] GET / 304 4.214 ms - -
[03/Apr/2024:06:12:52 +0000] GET /api/v1/product/video 206 2.897 ms - 1000001
[03/Apr/2024:06:12:52 +0000] GET /api/v1/product/video 206 1.203 ms - 1000001
[03/Apr/2024:06:12:52 +0000] GET /api/v1/product/video 206 1.065 ms - 1000001
[03/Apr/2024:06:12:52 +0000] GET /api/v1/product/video 206 0.569 ms - 1000001
[03/Apr/2024:06:12:52 +0000] GET /api/v1/product/video 206 0.696 ms - 1000001
[03/Apr/2024:06:12:56 +0000] GET /api/v1/product/video 206 0.590 ms - 1000001
[03/Apr/2024:06:13:02 +0000] GET /api/v1/product/video 206 0.793 ms - 1000001
[03/Apr/2024:06:13:08 +0000] GET /api/v1/product/video 206 0.454 ms - 1000001
[03/Apr/2024:06:13:17 +0000] GET /api/v1/product/video 206 0.662 ms - 1000001
[03/Apr/2024:06:13:17 +0000] GET /api/v1/product/video 206 0.552 ms - 1000001
[03/Apr/2024:06:13:24 +0000] GET /api/v1/product/video 206 0.485 ms - 1000001
[03/Apr/2024:06:13:28 +0000] GET /api/v1/product/video 206 0.544 ms - 1000001
[03/Apr/2024:06:13:33 +0000] GET /api/v1/product/video 206 0.436 ms - 1000001
[03/Apr/2024:06:13:38 +0000] GET /api/v1/product/video 206 1.539 ms - 1000001
[03/Apr/2024:06:13:38 +0000] GET /api/v1/product/video 206 0.900 ms - 1000001
[03/Apr/2024:06:13:42 +0000] GET /api/v1/product/video 206 0.486 ms - 1000001
[03/Apr/2024:06:13:47 +0000] GET /api/v1/product/video 206 0.770 ms - 1000001
[03/Apr/2024:06:13:50 +0000] GET /api/v1/product/video 206 0.563 ms - 1000001
[03/Apr/2024:06:13:54 +0000] GET /api/v1/product/video 206 0.720 ms - 1000001
[03/Apr/2024:06:13:54 +0000] GET /api/v1/product/video 206 0.581 ms - 1000001
[03/Apr/2024:06:14:00 +0000] GET /api/v1/product/video 206 0.579 ms - 1000001
[03/Apr/2024:06:14:02 +0000] GET /api/v1/product/video 206 0.586 ms - 1000001
[03/Apr/2024:06:14:02 +0000] GET /api/v1/product/video 206 0.378 ms - 1000001
[03/Apr/2024:06:14:02 +0000] GET /api/v1/product/video 206 1.247 ms - 1000001
[03/Apr/2024:06:14:02 +0000] GET /api/v1/product/video 206 0.717 ms - 1000001
[03/Apr/2024:06:14:02 +0000] GET /api/v1/product/video 206 0.361 ms - 1000001
[03/Apr/2024:06:14:02 +0000] GET /api/v1/product/video 206 2.152 ms - 1000001
[03/Apr/2024:06:14:02 +0000] GET /api/v1/product/video 206 0.346 ms - 1000001
[03/Apr/2024:06:14:02 +0000] GET /api/v1/product/video 206 0.364 ms - 1000001
[03/Apr/2024:06:14:06 +0000] GET /api/v1/product/video 206 0.508 ms - 1000001
[03/Apr/2024:06:14:07 +0000] GET /api/v1/product/video 206 0.598 ms - 1000001
[03/Apr/2024:06:14:07 +0000] GET /api/v1/product/video 206 0.393 ms - 1000001
[03/Apr/2024:06:14:07 +0000] GET /api/v1/product/video 206 0.413 ms - 1000001
[03/Apr/2024:06:14:07 +0000] GET /api/v1/product/video 206 2.932 ms - 1000001
[03/Apr/2024:06:14:07 +0000] GET /api/v1/product/video 206 0.941 ms - 1000001
[03/Apr/2024:06:14:08 +0000] GET /api/v1/product/video 206 0.416 ms - 1000001
[03/Apr/2024:06:14:08 +0000] GET /api/v1/product/video 206 0.420 ms - 1000001
[03/Apr/2024:06:14:08 +0000] GET /api/v1/product/video 206 1.299 ms - 1000001
[15/Apr/2024:04:29:54 +0000] GET / 200 7.146 ms - 354
[15/Apr/2024:04:30:33 +0000] GET / 304 9.849 ms - -
[15/Apr/2024:04:30:33 +0000] GET /api/v1/product/video 206 2.166 ms - 1000001
[15/Apr/2024:04:30:33 +0000] GET /api/v1/product/video 206 1.530 ms - 1000001
[15/Apr/2024:04:30:33 +0000] GET /favicon.ico 404 1.043 ms - 150
[15/Apr/2024:04:30:33 +0000] GET /api/v1/product/video 206 1.984 ms - 1000001
[15/Apr/2024:04:30:33 +0000] GET /api/v1/product/video 206 0.915 ms - 1000001
[15/Apr/2024:04:30:33 +0000] GET /api/v1/product/video 206 0.766 ms - 1000001
[15/Apr/2024:04:30:36 +0000] GET /api/v1/product/video 206 0.662 ms - 1000001
[15/Apr/2024:04:30:43 +0000] GET /api/v1/product/video 206 0.691 ms - 1000001
[15/Apr/2024:04:30:48 +0000] GET /api/v1/product/video 206 0.516 ms - 1000001
[15/Apr/2024:04:30:58 +0000] GET /api/v1/product/video 206 0.722 ms - 1000001
[15/Apr/2024:04:30:58 +0000] GET /api/v1/product/video 206 0.539 ms - 1000001
[15/Apr/2024:04:31:04 +0000] GET /api/v1/product/video 206 4.772 ms - 1000001
[15/Apr/2024:04:31:09 +0000] GET /api/v1/product/video 206 1.731 ms - 1000001
[15/Apr/2024:04:31:14 +0000] GET /api/v1/product/video 206 0.491 ms - 1000001
[15/Apr/2024:04:31:19 +0000] GET /api/v1/product/video 206 0.567 ms - 1000001
[15/Apr/2024:04:31:19 +0000] GET /api/v1/product/video 206 0.974 ms - 1000001
